Arguments: 
  /home/gleiber/.nvm/versions/node/v16.14.0/bin/node /home/gleiber/.nvm/versions/node/v16.14.0/bin/yarn add @psychedelic/plug-connect

PATH: 
  /home/gleiber/bin:/home/gleiber/.nvm/versions/node/v16.14.0/bin:/home/gleiber/bin:/usr/local/sbin:/usr/local/bin:/usr/sbin:/usr/bin:/sbin:/bin:/usr/games:/usr/local/games:/snap/bin

Yarn version: 
  1.22.18

Node version: 
  16.14.0

Platform: 
  linux x64

Trace: 
  Error: https://registry.yarnpkg.com/@psychedelic%2fplug-connect: Not found
      at Request.params.callback [as _callback] (/home/gleiber/.nvm/versions/node/v16.14.0/lib/node_modules/yarn/lib/cli.js:66138:18)
      at Request.self.callback (/home/gleiber/.nvm/versions/node/v16.14.0/lib/node_modules/yarn/lib/cli.js:140883:22)
      at Request.emit (node:events:520:28)
      at Request.<anonymous> (/home/gleiber/.nvm/versions/node/v16.14.0/lib/node_modules/yarn/lib/cli.js:141855:10)
      at Request.emit (node:events:520:28)
      at IncomingMessage.<anonymous> (/home/gleiber/.nvm/versions/node/v16.14.0/lib/node_modules/yarn/lib/cli.js:141777:12)
      at Object.onceWrapper (node:events:639:28)
      at IncomingMessage.emit (node:events:532:35)
      at endReadableNT (node:internal/streams/readable:1346:12)
      at processTicksAndRejections (node:internal/process/task_queues:83:21)

npm manifest: 
  {
    "name": "prixelart_assets",
    "version": "0.1.0",
    "description": "Internet Computer starter application",
    "keywords": [
      "Internet Computer",
      "Motoko",
      "JavaScript",
      "Canister"
    ],
    "scripts": {
      "build": "webpack",
      "prebuild": "npm run copy:types",
      "start": "webpack serve --mode development --env development",
      "prestart": "npm run copy:types",
      "copy:types": "rsync -avr .dfx/$(echo ${DFX_NETWORK:-'**'})/canisters/** --exclude='assets/' --exclude='idl/' --exclude='*.wasm' --delete src/declarations"
    },
    "devDependencies": {
      "@dfinity/agent": "0.10.3",
      "@dfinity/candid": "0.10.3",
      "@dfinity/principal": "0.10.3",
      "assert": "2.0.0",
      "buffer": "6.0.3",
      "copy-webpack-plugin": "^9.0.1",
      "css-loader": "^6.6.0",
      "events": "3.3.0",
      "html-webpack-plugin": "5.5.0",
      "process": "0.11.10",
      "stream-browserify": "3.0.0",
      "style-loader": "^3.3.1",
      "terser-webpack-plugin": "5.2.5",
      "ts-loader": "^9.2.6",
      "typescript": "^4.5.5",
      "util": "0.12.4",
      "webpack": "5.63.0",
      "webpack-cli": "4.9.1",
      "webpack-dev-server": "^4.4.0"
    },
    "browserslist": [
      "last 2 chrome version",
      "last 2 firefox version",
      "last 2 safari version",
      "last 2 edge version"
    ],
    "dependencies": {
      "@emotion/react": "^11.7.1",
      "@emotion/styled": "^11.6.0",
      "@material-ui/lab": "^4.0.0-alpha.60",
      "@mui/icons-material": "^5.4.2",
      "@mui/lab": "^5.0.0-alpha.69",
      "@mui/material": "^5.4.2",
      "browser-image-resizer": "^2.2.1",
      "compressorjs": "^1.1.1",
      "downshift": "^6.1.7",
      "file-loader": "^6.2.0",
      "ic-stoic-identity": "^2.0.0",
      "install": "^0.13.0",
      "npm": "^8.5.1",
      "react": "^17.0.2",
      "react-date-object": "^2.1.5",
      "react-dom": "^17.0.2",
      "react-router-dom": "^6.2.1",
      "uint8-to-base64": "^0.2.0"
    }
  }

yarn manifest: 
  No manifest

Lockfile: 
  No lockfile
